SF:lib\features\login_and_signup\data\model\user.dart
DA:10,1
DA:20,1
DA:21,1
DA:22,1
DA:23,1
DA:24,1
DA:25,1
DA:26,1
DA:27,1
DA:28,1
DA:32,1
DA:33,1
DA:34,1
DA:35,1
DA:36,1
DA:37,1
DA:38,1
DA:39,1
DA:40,1
DA:43,1
DA:44,1
LF:21
LH:21
end_of_record
SF:lib\features\restaurant\widgets\star.dart
DA:9,54
DA:16,3
DA:18,3
DA:20,3
DA:21,3
DA:22,3
DA:23,3
DA:24,3
DA:25,3
DA:27,3
DA:29,6
LF:11
LH:11
end_of_record
SF:lib\constants\constants.dart
DA:8,3
DA:9,15
DA:10,0
LF:3
LH:2
end_of_record
SF:lib\features\admin_page\presentation\ui\add_page.dart
DA:15,0
DA:17,0
DA:18,0
DA:40,0
DA:42,0
DA:43,0
DA:46,0
DA:48,0
DA:49,0
DA:58,0
DA:59,0
DA:61,0
DA:64,0
DA:72,0
DA:74,0
DA:75,0
DA:76,0
DA:77,0
DA:78,0
DA:81,0
DA:83,0
DA:84,0
DA:91,0
DA:94,0
DA:96,0
DA:98,0
DA:99,0
DA:109,0
DA:112,0
DA:114,0
DA:115,0
DA:122,0
DA:125,0
DA:127,0
DA:128,0
DA:135,0
DA:138,0
DA:140,0
DA:141,0
DA:161,0
DA:165,0
DA:169,0
DA:183,0
DA:197,0
DA:200,0
DA:202,0
DA:209,0
DA:212,0
DA:214,0
DA:221,0
DA:223,0
DA:248,0
DA:249,0
DA:250,0
DA:251,0
DA:252,0
DA:260,0
DA:261,0
DA:262,0
DA:263,0
DA:264,0
DA:265,0
DA:266,0
DA:267,0
DA:270,0
DA:271,0
DA:273,0
DA:279,0
DA:295,0
DA:297,0
DA:298,0
DA:299,0
DA:301,0
DA:302,0
DA:303,0
DA:304,0
DA:306,0
DA:307,0
DA:308,0
DA:309,0
DA:310,0
DA:316,0
DA:317,0
DA:323,0
DA:324,0
DA:326,0
DA:328,0
DA:330,0
DA:332,0
DA:334,0
DA:335,0
DA:337,0
DA:338,0
DA:339,0
DA:340,0
DA:341,0
DA:342,0
DA:344,0
DA:345,0
DA:347,0
DA:354,0
DA:357,0
DA:359,0
DA:360,0
DA:362,0
DA:363,0
DA:366,0
DA:372,0
DA:394,0
DA:395,0
DA:397,0
DA:398,0
DA:399,0
DA:400,0
DA:402,0
DA:403,0
DA:411,0
DA:412,0
DA:413,0
DA:414,0
DA:415,0
DA:417,0
DA:419,0
DA:420,0
DA:422,0
DA:425,0
DA:426,0
DA:427,0
DA:428,0
DA:429,0
DA:431,0
DA:432,0
DA:435,0
LF:133
LH:0
end_of_record
SF:lib\features\admin_page\widgets\form_field.dart
DA:4,0
DA:21,0
DA:23,0
DA:24,0
DA:26,0
DA:27,0
DA:29,0
DA:30,0
DA:31,0
DA:34,0
DA:36,0
DA:37,0
DA:41,0
DA:50,0
DA:51,0
LF:15
LH:0
end_of_record
SF:lib\features\admin_page\widgets\image_helper.dart
DA:13,1
DA:15,1
DA:16,1
DA:19,0
DA:20,0
DA:22,0
DA:26,0
DA:27,0
DA:30,0
DA:33,0
DA:34,0
DA:36,0
DA:37,0
DA:39,0
DA:40,0
LF:15
LH:3
end_of_record
SF:lib\features\admin_page\widgets\location_picker.dart
DA:7,0
DA:11,0
DA:12,0
DA:16,0
DA:18,0
DA:21,0
DA:22,0
DA:23,0
DA:24,0
DA:25,0
DA:27,0
DA:28,0
DA:29,0
DA:30,0
LF:14
LH:0
end_of_record
SF:lib\features\search_page\data\model\restaurant_model.dart
DA:19,8
DA:35,1
DA:36,1
DA:37,1
DA:38,1
DA:39,1
DA:40,1
DA:41,1
DA:42,1
DA:43,1
DA:44,1
DA:45,1
DA:46,1
DA:47,2
DA:48,1
DA:49,1
DA:50,1
DA:52,1
DA:55,1
DA:56,1
DA:57,1
DA:58,1
DA:59,1
DA:60,1
DA:61,1
DA:62,1
DA:63,1
DA:64,1
DA:65,1
DA:66,1
DA:67,1
DA:68,1
DA:69,1
DA:70,1
LF:34
LH:34
end_of_record
SF:lib\features\search_page\domain\repository\restaurant_repo.dart
DA:6,0
DA:7,0
DA:13,0
DA:15,0
DA:16,0
DA:22,0
DA:23,0
DA:25,0
DA:27,0
DA:29,0
DA:30,0
DA:32,0
DA:33,0
DA:36,0
DA:37,0
DA:39,0
DA:40,0
DA:46,0
DA:48,0
DA:50,0
DA:53,0
DA:55,0
DA:56,0
DA:58,0
DA:59,0
DA:61,0
DA:62,0
DA:65,0
DA:66,0
DA:67,0
DA:68,0
DA:69,0
DA:70,0
DA:71,0
DA:75,0
DA:76,0
DA:78,0
DA:79,0
DA:85,0
DA:86,0
DA:88,0
DA:90,0
DA:91,0
DA:92,0
DA:93,0
DA:94,0
DA:95,0
LF:47
LH:0
end_of_record
SF:lib\features\home_page\presentation\ui\start.dart
DA:12,1
DA:14,1
DA:15,1
DA:19,0
DA:20,0
DA:21,0
DA:28,0
DA:29,0
DA:30,0
DA:31,0
DA:33,0
DA:34,0
DA:36,0
DA:37,0
DA:40,0
DA:41,0
DA:43,0
DA:49,0
DA:50,0
DA:51,0
DA:52,0
DA:53,0
DA:66,0
DA:68,0
DA:70,0
DA:71,0
DA:72,0
DA:73,0
DA:75,0
DA:77,0
DA:78,0
DA:81,0
DA:82,0
DA:85,0
DA:86,0
DA:88,0
DA:94,0
DA:95,0
DA:96,0
DA:97,0
DA:98,0
DA:111,0
DA:112,0
DA:113,0
DA:117,0
DA:119,0
DA:120,0
DA:121,0
DA:122,0
DA:125,0
DA:126,0
DA:127,0
DA:128,0
DA:131,0
DA:132,0
DA:134,0
DA:140,0
DA:141,0
DA:142,0
DA:143,0
DA:144,0
DA:157,1
DA:159,1
DA:160,1
DA:167,1
DA:168,1
DA:169,1
DA:170,1
DA:171,1
DA:173,1
DA:176,1
DA:195,1
DA:197,1
DA:199,1
DA:200,1
DA:203,1
DA:204,0
DA:205,0
DA:207,0
DA:208,0
DA:211,1
DA:217,1
DA:218,1
DA:229,1
DA:232,1
DA:233,0
DA:234,0
DA:236,0
DA:237,0
DA:240,1
DA:242,1
DA:243,1
DA:257,1
DA:259,1
DA:260,1
DA:261,1
DA:263,1
DA:264,0
DA:266,0
DA:268,0
DA:270,0
DA:271,0
DA:275,1
DA:281,1
DA:282,1
DA:285,1
DA:304,1
DA:306,1
DA:307,1
DA:308,1
DA:310,1
DA:311,0
DA:313,0
DA:315,0
DA:317,0
DA:318,0
DA:322,1
DA:328,1
DA:329,1
DA:332,1
DA:351,1
DA:353,1
DA:354,1
DA:355,1
DA:357,1
DA:358,0
DA:360,0
DA:362,0
DA:364,0
DA:365,0
DA:369,1
DA:375,1
DA:376,1
DA:379,1
LF:134
LH:53
end_of_record
SF:lib\features\login_and_signup\presentation\ui\login.dart
DA:10,36
DA:12,1
DA:13,1
DA:22,0
DA:26,0
DA:29,0
DA:31,0
DA:32,0
DA:33,0
DA:36,0
DA:37,0
DA:39,0
DA:45,0
DA:46,0
DA:47,0
DA:48,0
DA:49,0
DA:62,1
DA:64,1
DA:65,1
DA:68,1
DA:70,0
DA:71,0
DA:80,1
DA:81,1
DA:83,1
DA:86,1
DA:101,1
DA:103,1
DA:104,1
DA:105,1
DA:106,1
DA:107,1
DA:110,1
DA:111,1
DA:114,1
DA:136,1
DA:143,1
DA:146,1
DA:147,2
DA:150,1
DA:153,1
DA:154,1
DA:155,1
DA:157,2
DA:160,0
DA:161,0
DA:162,0
DA:188,1
DA:190,1
DA:191,1
DA:193,2
DA:199,1
DA:201,1
DA:202,1
DA:203,1
DA:205,4
DA:206,1
DA:208,1
DA:209,3
DA:211,0
DA:212,0
DA:213,0
DA:217,0
DA:219,0
DA:220,0
DA:224,1
DA:241,1
DA:243,1
DA:244,1
DA:246,1
DA:247,1
DA:248,0
DA:250,0
DA:251,0
LF:75
LH:47
end_of_record
SF:lib\features\search_page\presentation\ui\search_page.dart
DA:14,51
DA:16,0
DA:17,0
DA:27,0
DA:29,0
DA:30,0
DA:33,0
DA:35,0
DA:36,0
DA:39,0
DA:41,0
DA:42,0
DA:43,0
DA:44,0
DA:45,0
DA:46,0
DA:48,0
DA:49,0
DA:50,0
DA:52,0
DA:53,0
DA:54,0
DA:59,0
DA:60,0
DA:61,0
DA:63,0
DA:64,0
DA:65,0
DA:70,0
DA:72,0
DA:73,0
DA:74,0
DA:75,0
DA:77,0
DA:78,0
DA:79,0
DA:80,0
DA:81,0
DA:82,0
DA:84,0
DA:85,0
DA:86,0
DA:87,0
DA:88,0
DA:89,0
DA:95,0
DA:97,0
DA:98,0
DA:99,0
DA:100,0
DA:101,0
DA:104,0
DA:113,0
DA:114,0
DA:116,0
DA:117,0
DA:118,0
DA:120,0
DA:122,0
DA:125,0
DA:126,0
DA:128,0
DA:136,0
DA:139,0
DA:140,0
DA:141,0
DA:142,0
DA:148,0
DA:149,0
DA:150,0
DA:152,0
DA:154,0
DA:155,0
DA:156,0
DA:169,0
DA:172,0
DA:178,0
DA:180,0
DA:181,0
DA:182,0
DA:185,0
DA:193,0
DA:194,0
DA:196,0
DA:197,0
DA:198,0
DA:199,0
DA:200,0
DA:203,0
DA:204,0
DA:205,0
DA:218,0
DA:219,0
DA:224,0
DA:231,0
DA:232,0
DA:233,0
DA:234,0
DA:235,0
DA:237,0
DA:238,0
DA:239,0
DA:245,0
DA:247,0
DA:250,0
DA:251,0
DA:256,0
DA:257,0
DA:264,0
DA:265,0
DA:268,0
DA:269,0
DA:276,0
DA:280,0
DA:281,0
DA:283,0
DA:284,0
DA:289,0
DA:293,0
DA:294,0
DA:295,0
DA:296,0
DA:297,0
DA:299,0
DA:311,0
DA:313,0
DA:314,0
DA:315,0
DA:321,0
DA:323,0
DA:326,0
DA:327,0
DA:333,0
DA:334,0
DA:341,0
DA:342,0
DA:345,0
DA:346,0
DA:355,0
DA:359,0
DA:360,0
DA:361,0
DA:362,0
DA:363,0
DA:365,0
DA:378,0
DA:380,0
DA:381,0
DA:382,0
DA:388,0
DA:390,0
DA:415,0
DA:418,0
DA:419,0
DA:420,0
DA:421,0
DA:422,0
DA:424,0
LF:158
LH:1
end_of_record
SF:lib\features\login_and_signup\presentation\ui\signup.dart
DA:12,35
DA:14,1
DA:15,1
DA:32,0
DA:36,0
DA:39,0
DA:41,0
DA:42,0
DA:43,0
DA:46,0
DA:47,0
DA:49,0
DA:55,0
DA:56,0
DA:57,0
DA:58,0
DA:59,0
DA:72,1
DA:74,1
DA:75,1
DA:78,1
DA:80,0
DA:81,0
DA:90,1
DA:91,1
DA:93,1
DA:96,1
DA:111,1
DA:113,1
DA:114,1
DA:115,1
DA:116,1
DA:117,2
DA:121,1
DA:125,1
DA:128,1
DA:129,1
DA:132,1
DA:154,1
DA:161,1
DA:164,1
DA:165,2
DA:168,1
DA:171,1
DA:172,1
DA:173,1
DA:175,2
DA:178,0
DA:179,0
DA:180,0
DA:206,1
DA:209,1
DA:210,4
DA:213,1
DA:216,1
DA:217,1
DA:218,1
DA:220,2
DA:223,0
DA:224,0
DA:225,0
DA:251,1
DA:253,1
DA:254,1
DA:255,1
DA:257,4
DA:258,1
DA:260,1
DA:261,3
DA:263,3
DA:265,0
DA:266,0
DA:268,0
DA:269,0
DA:270,0
DA:274,0
DA:275,0
DA:276,0
DA:281,0
DA:282,0
DA:283,0
DA:284,0
DA:285,0
DA:286,0
DA:290,0
DA:291,0
DA:292,0
DA:294,0
DA:295,0
DA:298,0
DA:299,0
DA:302,0
DA:309,0
DA:310,0
DA:311,0
DA:312,0
DA:313,0
DA:323,0
DA:325,0
DA:326,0
DA:331,1
DA:337,1
DA:353,1
DA:355,1
DA:356,1
DA:358,1
DA:359,1
DA:360,0
DA:362,0
DA:363,0
DA:378,1
DA:379,1
DA:380,1
DA:381,1
DA:383,1
DA:384,1
DA:386,1
DA:387,1
DA:388,1
DA:389,1
DA:390,1
DA:393,2
DA:396,1
DA:417,1
DA:424,1
DA:427,2
DA:430,1
DA:451,1
DA:462,1
DA:463,1
DA:465,1
DA:467,1
DA:468,1
DA:469,1
DA:470,1
DA:472,1
DA:473,2
DA:488,1
DA:489,1
DA:490,1
DA:491,0
DA:492,0
DA:493,0
DA:496,3
DA:497,1
DA:499,1
DA:504,1
DA:517,1
DA:518,1
DA:520,1
DA:521,1
DA:522,1
DA:523,1
DA:525,1
DA:526,1
DA:534,1
DA:535,1
DA:536,0
DA:538,0
DA:540,0
DA:542,0
DA:544,1
DA:550,1
DA:554,1
DA:555,0
DA:556,0
DA:557,0
DA:558,0
DA:560,0
DA:561,0
DA:564,1
LF:171
LH:103
end_of_record
SF:lib\features\login_and_signup\domain\repository\user_repository.dart
DA:7,0
DA:8,0
DA:14,0
DA:15,0
DA:16,0
DA:20,0
DA:21,0
DA:23,0
DA:25,0
DA:26,0
DA:27,0
DA:28,0
DA:29,0
DA:30,0
DA:47,0
DA:48,0
DA:49,0
DA:59,0
DA:60,0
DA:63,0
DA:64,0
DA:66,0
DA:68,0
DA:69,0
DA:70,0
DA:71,0
DA:73,0
DA:74,0
DA:77,0
DA:78,0
LF:30
LH:0
end_of_record
SF:lib\features\restaurant\presentation\ui\restaurant.dart
DA:15,1
DA:17,1
DA:18,1
DA:26,1
DA:28,1
DA:29,6
DA:30,2
DA:31,3
DA:34,1
DA:36,2
DA:37,1
DA:40,0
DA:42,0
DA:43,0
DA:44,0
DA:45,0
DA:46,0
DA:48,0
DA:50,0
DA:54,0
DA:55,0
DA:56,0
DA:60,1
DA:62,1
DA:64,1
DA:65,1
DA:66,1
DA:67,2
DA:68,2
DA:69,0
DA:72,1
DA:73,1
DA:74,1
DA:78,1
DA:79,0
DA:80,0
DA:81,1
DA:86,1
DA:90,1
DA:91,1
DA:92,3
DA:93,1
DA:94,0
DA:95,1
DA:96,1
DA:106,0
DA:107,0
DA:108,0
DA:109,0
DA:110,0
DA:111,0
DA:112,0
DA:113,0
DA:114,0
DA:115,0
DA:118,0
DA:120,0
DA:122,0
DA:123,0
DA:126,0
DA:127,0
DA:128,0
DA:129,0
DA:131,0
DA:135,0
DA:138,0
DA:139,0
DA:140,0
DA:141,0
DA:142,0
DA:148,0
DA:151,0
DA:152,0
DA:153,0
DA:154,0
DA:155,0
DA:157,0
DA:163,0
DA:164,0
DA:165,0
DA:173,0
DA:179,0
DA:181,0
DA:182,0
DA:183,0
DA:186,0
DA:187,0
DA:188,0
DA:190,0
DA:192,0
DA:193,0
DA:198,0
DA:200,0
DA:203,0
DA:211,0
DA:212,0
DA:213,0
DA:214,0
DA:217,0
DA:219,0
DA:220,0
DA:221,0
DA:222,0
DA:228,0
DA:229,0
DA:230,0
DA:231,0
DA:232,0
DA:233,0
DA:234,0
DA:235,0
DA:236,0
DA:242,0
DA:243,0
DA:244,0
DA:245,0
DA:253,0
DA:259,0
DA:260,0
DA:261,0
DA:262,0
DA:263,0
DA:264,0
DA:266,0
DA:267,0
DA:268,0
DA:269,0
DA:271,0
DA:274,0
DA:275,0
DA:283,0
DA:287,0
DA:288,0
DA:296,2
DA:298,1
DA:300,1
DA:301,1
DA:302,1
DA:304,1
DA:306,0
DA:307,0
DA:310,1
DA:311,1
DA:312,1
DA:314,1
DA:316,1
DA:319,1
DA:320,0
DA:321,0
DA:322,0
DA:323,0
LF:151
LH:42
end_of_record
SF:lib\features\restaurant\data\models\restaurant_review_model.dart
DA:17,2
DA:31,1
DA:32,1
DA:33,1
DA:34,1
DA:35,1
DA:36,1
DA:37,1
DA:38,1
DA:39,1
DA:40,1
DA:41,1
DA:42,1
DA:43,2
DA:44,2
DA:47,1
DA:48,1
DA:49,1
DA:50,1
DA:51,1
DA:52,1
DA:53,1
DA:54,1
DA:55,1
DA:56,1
DA:57,1
DA:58,1
DA:59,1
DA:60,1
LF:29
LH:29
end_of_record
SF:lib\features\restaurant\domain\repositories\restaurant_repo.dart
DA:6,3
DA:7,3
DA:13,2
DA:15,0
DA:16,0
DA:20,1
DA:21,1
DA:25,1
DA:27,0
DA:28,0
DA:30,0
DA:31,0
DA:34,0
DA:35,0
DA:37,1
DA:38,1
LF:16
LH:8
end_of_record
SF:lib\features\restaurant\presentation\bloc\restaurant_event.dart
DA:4,1
DA:6,0
DA:7,0
DA:11,0
DA:16,1
LF:5
LH:2
end_of_record
SF:lib\features\restaurant\presentation\bloc\restaurant_state.dart
DA:4,1
DA:6,0
DA:7,0
DA:17,0
DA:23,1
LF:5
LH:2
end_of_record
SF:lib\features\restaurant\presentation\bloc\restaurant_bloc.dart
DA:12,3
DA:13,2
DA:16,1
DA:18,2
DA:21,2
DA:23,2
DA:24,0
DA:26,3
LF:8
LH:7
end_of_record
SF:lib\features\restaurant\sections\info\presentation\ui\restaurant_info.dart
DA:10,1
DA:12,1
DA:13,1
DA:17,2
DA:18,4
DA:19,4
DA:23,1
DA:24,1
DA:25,5
DA:26,1
DA:27,0
DA:33,1
DA:35,1
DA:36,1
DA:38,4
DA:39,1
DA:40,1
DA:46,1
DA:48,3
DA:51,1
DA:53,4
DA:56,1
DA:58,1
DA:60,1
DA:67,1
DA:72,1
DA:74,1
DA:75,1
DA:77,1
DA:78,1
DA:81,1
DA:83,1
DA:86,1
DA:90,1
DA:95,1
DA:96,1
DA:97,1
DA:98,0
DA:100,2
DA:102,1
DA:103,1
DA:104,1
DA:111,1
DA:112,1
DA:113,1
DA:114,1
DA:116,1
DA:118,1
DA:119,1
DA:121,1
DA:122,1
DA:125,1
DA:128,1
DA:134,1
DA:135,1
DA:137,1
DA:138,1
DA:139,3
DA:140,1
LF:59
LH:57
end_of_record
SF:lib\features\restaurant\sections\menu\presentation\ui\restaurant_menu.dart
DA:8,1
DA:10,1
DA:12,1
DA:13,1
DA:15,1
DA:16,1
DA:17,1
DA:18,0
DA:19,0
DA:21,0
DA:22,0
DA:23,0
DA:25,0
DA:26,0
DA:28,0
DA:29,0
DA:30,0
DA:32,0
DA:35,0
DA:36,0
DA:37,0
DA:38,0
DA:39,0
DA:40,0
DA:41,0
DA:56,1
DA:58,1
DA:63,1
LF:28
LH:10
end_of_record
SF:lib\features\restaurant\sections\review\presentation\ui\restaurant_review.dart
DA:15,0
DA:17,0
DA:18,0
DA:23,0
DA:25,0
DA:26,0
DA:29,0
DA:31,0
DA:34,0
DA:35,0
DA:36,0
DA:37,0
DA:38,0
DA:42,0
DA:44,0
DA:45,0
DA:46,0
DA:47,0
DA:48,0
DA:49,0
DA:50,0
DA:53,0
DA:54,0
DA:55,0
DA:57,0
DA:59,0
DA:61,0
DA:64,0
DA:69,0
DA:70,0
DA:72,0
DA:73,0
DA:74,0
DA:75,0
DA:81,0
DA:82,0
DA:84,0
DA:85,0
DA:87,0
DA:88,0
DA:94,0
DA:104,0
DA:105,0
DA:107,0
DA:109,0
DA:110,0
DA:116,0
DA:117,0
DA:118,0
DA:121,0
DA:123,0
DA:125,0
DA:126,0
DA:127,0
DA:128,0
DA:129,0
DA:136,0
DA:137,0
DA:138,0
DA:146,0
DA:147,0
DA:148,0
DA:154,0
DA:155,0
DA:158,0
DA:159,0
DA:160,0
DA:163,0
DA:166,0
DA:167,0
DA:168,0
DA:176,0
DA:177,0
DA:178,0
DA:179,0
DA:185,0
DA:189,0
DA:190,0
DA:191,0
DA:192,0
DA:193,0
DA:194,0
DA:195,0
DA:197,0
DA:206,0
DA:207,0
DA:208,0
DA:209,0
DA:213,0
DA:214,0
DA:217,0
DA:218,0
DA:220,0
DA:222,0
DA:223,0
DA:224,0
DA:226,0
DA:227,0
DA:228,0
DA:229,0
DA:230,0
DA:231,0
DA:239,0
DA:241,0
DA:242,0
DA:245,0
DA:253,0
DA:254,0
DA:256,0
DA:257,0
DA:259,0
DA:262,0
DA:264,0
LF:113
LH:0
end_of_record
SF:lib\features\restaurant\widgets\header_text.dart
DA:6,53
DA:8,3
DA:10,3
DA:12,9
LF:4
LH:4
end_of_record
SF:lib\features\restaurant\sections\review\domain\repositories\restaurant_review_repo.dart
DA:7,0
DA:8,0
DA:14,0
DA:15,0
DA:16,0
DA:20,0
DA:21,0
DA:22,0
DA:24,0
DA:26,0
DA:27,0
DA:28,0
DA:29,0
DA:31,0
DA:32,0
DA:34,0
DA:35,0
DA:36,0
DA:39,0
DA:40,0
DA:42,0
DA:43,0
DA:49,0
DA:52,0
DA:53,0
DA:55,0
DA:58,0
DA:60,0
DA:65,0
DA:71,0
DA:72,0
DA:74,0
DA:75,0
DA:77,0
DA:79,0
DA:81,0
DA:82,0
DA:83,0
DA:87,0
DA:88,0
DA:89,0
DA:90,0
DA:92,0
DA:93,0
DA:95,0
DA:96,0
DA:99,0
DA:100,0
LF:48
LH:0
end_of_record
SF:lib\features\restaurant\sections\review\presentation\bloc\review_event.dart
DA:4,17
DA:6,0
DA:7,0
DA:11,17
DA:16,0
DA:21,17
LF:6
LH:3
end_of_record
SF:lib\features\restaurant\sections\review\presentation\bloc\review_state.dart
DA:14,0
DA:20,0
LF:2
LH:0
end_of_record
SF:lib\features\restaurant\sections\review\presentation\bloc\review_bloc.dart
DA:13,0
DA:14,0
DA:15,0
DA:18,0
DA:20,0
DA:21,0
DA:22,0
DA:23,0
DA:25,0
DA:26,0
DA:28,0
DA:32,0
DA:34,0
DA:35,0
LF:14
LH:0
end_of_record
SF:lib\features\restaurant\sections\review\widgets\outlined_button.dart
DA:9,1
DA:16,1
DA:18,1
DA:19,3
DA:20,2
DA:21,2
DA:22,1
DA:23,1
DA:24,1
LF:9
LH:9
end_of_record
SF:lib\features\restaurant\sections\write_a_review\presentation\ui\write_a_review.dart
DA:17,1
DA:19,1
DA:20,1
DA:29,1
DA:30,2
DA:31,1
DA:35,0
DA:36,0
DA:37,0
DA:39,0
DA:42,0
DA:43,0
DA:47,0
DA:55,0
DA:56,0
DA:57,0
DA:63,1
DA:65,1
DA:66,1
DA:67,1
DA:68,0
DA:69,0
DA:70,0
DA:71,0
DA:72,0
DA:73,0
DA:75,0
DA:76,0
DA:77,0
DA:82,1
DA:83,1
DA:84,1
DA:86,1
DA:89,3
DA:96,1
DA:98,1
DA:99,1
DA:101,1
DA:102,1
DA:103,1
DA:105,1
DA:107,1
DA:109,1
DA:110,1
DA:111,1
DA:112,1
DA:114,1
DA:116,1
DA:118,1
DA:120,1
DA:121,4
DA:122,1
DA:123,0
DA:124,0
DA:125,0
DA:126,0
DA:127,0
DA:128,0
DA:129,0
DA:130,0
DA:131,0
DA:132,0
DA:133,0
DA:134,0
DA:137,1
DA:150,1
DA:151,1
DA:165,1
DA:166,1
DA:168,1
DA:170,1
DA:171,1
DA:172,1
DA:173,1
DA:174,3
DA:175,1
DA:181,1
DA:182,0
DA:183,0
DA:194,1
DA:196,1
DA:198,1
DA:203,1
DA:213,1
DA:216,1
DA:217,1
DA:220,2
DA:228,1
DA:229,1
DA:230,1
DA:231,1
DA:233,1
DA:235,1
DA:236,1
DA:239,1
DA:242,1
DA:244,1
DA:245,1
DA:246,1
DA:248,1
DA:249,1
DA:250,1
DA:260,1
DA:262,1
DA:263,1
DA:264,1
DA:274,1
DA:276,1
DA:277,1
DA:278,1
DA:295,1
DA:296,2
DA:297,0
DA:298,0
DA:299,0
DA:300,0
DA:302,0
DA:306,0
DA:307,0
DA:308,0
DA:314,0
DA:316,0
DA:317,0
DA:318,0
DA:319,0
DA:320,0
DA:321,0
DA:324,0
DA:325,0
DA:326,0
DA:330,0
DA:333,0
DA:334,0
DA:335,0
DA:336,0
DA:338,0
DA:340,0
DA:341,0
DA:356,1
DA:357,1
DA:359,1
DA:363,1
DA:364,5
DA:365,1
DA:366,1
LF:145
LH:86
end_of_record
SF:lib\features\restaurant\sections\review\widgets\review_card.dart
DA:17,0
DA:19,0
DA:20,0
DA:28,0
DA:30,0
DA:31,0
DA:34,0
DA:36,0
DA:37,0
DA:39,0
DA:43,0
DA:45,0
DA:46,0
DA:48,0
DA:49,0
DA:52,0
DA:56,0
DA:57,0
DA:58,0
DA:62,0
DA:63,0
DA:65,0
DA:66,0
DA:68,0
DA:69,0
DA:72,0
DA:76,0
DA:78,0
DA:79,0
DA:80,0
DA:81,0
DA:83,0
DA:84,0
DA:86,0
DA:87,0
DA:88,0
DA:89,0
DA:90,0
DA:91,0
DA:106,0
DA:112,0
DA:113,0
DA:114,0
DA:115,0
DA:117,0
DA:118,0
DA:119,0
DA:121,0
DA:122,0
DA:124,0
DA:125,0
DA:126,0
DA:128,0
DA:131,0
DA:132,0
DA:133,0
DA:135,0
DA:136,0
DA:152,0
DA:156,0
DA:157,0
DA:159,0
DA:161,0
DA:162,0
DA:167,0
DA:168,0
DA:169,0
DA:170,0
DA:171,0
DA:172,0
DA:175,0
DA:178,0
DA:179,0
DA:181,0
DA:182,0
DA:184,0
DA:185,0
DA:219,0
DA:220,0
DA:222,0
DA:223,0
DA:225,0
DA:228,0
DA:230,0
DA:231,0
DA:233,0
DA:239,0
DA:241,0
DA:244,0
DA:245,0
DA:246,0
DA:247,0
DA:252,0
DA:253,0
DA:259,0
DA:272,0
DA:273,0
DA:275,0
DA:276,0
DA:277,0
LF:100
LH:0
end_of_record
SF:lib\features\restaurant\sections\write_a_review\domain\repostiories\write_a_review_repo.dart
DA:7,0
DA:8,0
DA:13,0
DA:14,0
DA:15,0
DA:19,0
DA:21,0
DA:23,0
DA:25,0
DA:26,0
DA:27,0
DA:29,0
DA:30,0
DA:37,0
DA:39,0
DA:41,0
DA:43,0
DA:45,0
DA:46,0
DA:47,0
DA:48,0
DA:49,0
DA:50,0
DA:52,0
DA:53,0
DA:55,0
DA:56,0
LF:27
LH:0
end_of_record
SF:lib\features\restaurant\sections\write_a_review\presentation\bloc\write_a_review_event.dart
DA:4,0
DA:6,0
DA:7,0
DA:20,0
LF:4
LH:0
end_of_record
SF:lib\features\restaurant\sections\write_a_review\presentation\bloc\write_a_review_bloc.dart
DA:18,0
DA:19,3
DA:20,2
DA:23,0
DA:25,0
DA:26,0
DA:30,0
DA:31,0
DA:32,0
DA:35,0
DA:36,0
DA:37,0
DA:38,0
DA:42,0
DA:43,0
DA:44,0
DA:45,0
DA:48,0
DA:49,0
DA:50,0
DA:51,0
DA:52,0
DA:53,0
DA:57,0
DA:59,0
DA:61,0
DA:62,0
DA:63,0
DA:64,0
DA:65,0
DA:66,0
DA:67,0
DA:69,0
DA:72,0
LF:34
LH:2
end_of_record
SF:lib\features\restaurant\sections\write_a_review\presentation\bloc\write_a_review_state.dart
DA:4,1
DA:6,0
DA:7,0
DA:11,0
DA:20,0
LF:5
LH:1
end_of_record
SF:lib\features\restaurant\sections\write_a_review\presentation\widgets\star_select.dart
DA:10,2
DA:12,2
DA:14,2
DA:15,2
DA:16,4
DA:17,2
DA:18,2
DA:19,4
DA:21,4
DA:22,4
DA:23,2
DA:29,2
LF:12
LH:12
end_of_record
SF:lib\features\search_page\presentation\bloc\search_page_event.dart
DA:11,0
DA:16,0
LF:2
LH:0
end_of_record
SF:lib\features\search_page\presentation\bloc\search_page_state.dart
DA:16,0
DA:21,0
DA:26,0
LF:3
LH:0
end_of_record
SF:lib\features\search_page\presentation\bloc\search_page_bloc.dart
DA:17,3
DA:18,2
DA:19,2
DA:20,2
DA:23,1
DA:25,2
DA:26,1
DA:28,0
DA:29,0
DA:31,0
DA:33,0
DA:34,0
DA:35,0
DA:37,0
DA:41,0
DA:43,0
DA:44,0
DA:47,0
DA:49,0
DA:50,0
DA:51,0
DA:52,0
DA:54,0
DA:58,0
DA:60,0
LF:25
LH:7
end_of_record
SF:lib\features\search_page\presentation\ui\restaurant_tile_widget.dart
DA:10,1
DA:13,1
DA:15,4
DA:16,1
DA:17,0
DA:18,1
DA:19,2
DA:21,1
DA:23,1
DA:26,1
DA:27,1
DA:30,2
DA:33,2
DA:34,1
DA:35,3
DA:40,1
DA:42,1
DA:44,1
DA:45,1
DA:46,0
DA:56,1
DA:58,1
DA:59,1
DA:60,2
DA:66,1
DA:67,1
DA:68,4
DA:79,1
DA:80,2
LF:29
LH:27
end_of_record
